c:\users\paweł\desktop\inne\moje\zadaniedomowe\zadaniedomowe\debug\vc120.pdb
c:\users\paweł\desktop\inne\moje\zadaniedomowe\zadaniedomowe\debug\vc120.idb
c:\users\paweł\desktop\inne\moje\zadaniedomowe\zadaniedomowe\debug\battle.obj
c:\users\paweł\desktop\inne\moje\zadaniedomowe\zadaniedomowe\debug\character.obj
c:\users\paweł\desktop\inne\moje\zadaniedomowe\zadaniedomowe\debug\characterfactory.obj
c:\users\paweł\desktop\inne\moje\zadaniedomowe\zadaniedomowe\debug\consoleuserinterface.obj
c:\users\paweł\desktop\inne\moje\zadaniedomowe\zadaniedomowe\debug\encounter.obj
c:\users\paweł\desktop\inne\moje\zadaniedomowe\zadaniedomowe\debug\equipment.obj
c:\users\paweł\desktop\inne\moje\zadaniedomowe\zadaniedomowe\debug\food.obj
c:\users\paweł\desktop\inne\moje\zadaniedomowe\zadaniedomowe\debug\game.obj
c:\users\paweł\desktop\inne\moje\zadaniedomowe\zadaniedomowe\debug\item.obj
c:\users\paweł\desktop\inne\moje\zadaniedomowe\zadaniedomowe\debug\location.obj
c:\users\paweł\desktop\inne\moje\zadaniedomowe\zadaniedomowe\debug\map.obj
c:\users\paweł\desktop\inne\moje\zadaniedomowe\zadaniedomowe\debug\opponent.obj
c:\users\paweł\desktop\inne\moje\zadaniedomowe\zadaniedomowe\debug\reward.obj
c:\users\paweł\desktop\inne\moje\zadaniedomowe\zadaniedomowe\debug\shop.obj
c:\users\paweł\desktop\inne\moje\zadaniedomowe\zadaniedomowe\debug\source.obj
c:\users\paweł\desktop\inne\moje\zadaniedomowe\zadaniedomowe\debug\statistics.obj
c:\users\paweł\desktop\inne\moje\zadaniedomowe\zadaniedomowe\debug\userinterface.obj
c:\users\paweł\desktop\inne\moje\zadaniedomowe\zadaniedomowe\debug\wearable.obj
c:\users\paweł\desktop\inne\moje\zadaniedomowe\debug\zadaniedomowe.pdb
c:\users\paweł\desktop\inne\moje\zadaniedomowe\debug\zadaniedomowe.exe
c:\users\paweł\desktop\inne\moje\zadaniedomowe\debug\zadaniedomowe.ilk
c:\users\paweł\desktop\inne\moje\zadaniedomowe\zadaniedomowe\debug\zadaniedomowe.tlog\cl.command.1.tlog
c:\users\paweł\desktop\inne\moje\zadaniedomowe\zadaniedomowe\debug\zadaniedomowe.tlog\cl.read.1.tlog
c:\users\paweł\desktop\inne\moje\zadaniedomowe\zadaniedomowe\debug\zadaniedomowe.tlog\cl.write.1.tlog
c:\users\paweł\desktop\inne\moje\zadaniedomowe\zadaniedomowe\debug\zadaniedomowe.tlog\link.command.1.tlog
c:\users\paweł\desktop\inne\moje\zadaniedomowe\zadaniedomowe\debug\zadaniedomowe.tlog\link.read.1.tlog
c:\users\paweł\desktop\inne\moje\zadaniedomowe\zadaniedomowe\debug\zadaniedomowe.tlog\link.write.1.tlog
